c:\users\macaw\source\repos\textbasedamongus\amongustextbased\textbasedamogus\debug\vc142.pdb
c:\users\macaw\source\repos\textbasedamongus\amongustextbased\textbasedamogus\debug\vc142.idb
c:\users\macaw\source\repos\textbasedamongus\amongustextbased\textbasedamogus\debug\sdlmanager.obj
c:\users\macaw\source\repos\textbasedamongus\amongustextbased\textbasedamogus\debug\menu.obj
c:\users\macaw\source\repos\textbasedamongus\amongustextbased\textbasedamogus\debug\main.obj
c:\users\macaw\source\repos\textbasedamongus\amongustextbased\textbasedamogus\debug\imposters.obj
c:\users\macaw\source\repos\textbasedamongus\amongustextbased\textbasedamogus\debug\game.obj
c:\users\macaw\source\repos\textbasedamongus\amongustextbased\textbasedamogus\debug\crewmates.obj
c:\users\macaw\source\repos\textbasedamongus\amongustextbased\textbasedamogus\debug\time.obj
c:\users\macaw\source\repos\textbasedamongus\amongustextbased\textbasedamogus\debug\task.obj
c:\users\macaw\source\repos\textbasedamongus\amongustextbased\textbasedamogus\debug\location.obj
c:\users\macaw\source\repos\textbasedamongus\amongustextbased\textbasedamogus\debug\emergencytask.obj
c:\users\macaw\source\repos\textbasedamongus\amongustextbased\debug\textbasedamongus.exe
c:\users\macaw\source\repos\textbasedamongus\amongustextbased\debug\textbasedamongus.ilk
c:\users\macaw\source\repos\textbasedamongus\amongustextbased\debug\textbasedamongus.pdb
c:\users\macaw\source\repos\textbasedamongus\amongustextbased\textbasedamogus\debug\game.obj.enc
c:\users\macaw\source\repos\textbasedamongus\amongustextbased\textbasedamogus\debug\textbasedamongus.tlog\cl.command.1.tlog
c:\users\macaw\source\repos\textbasedamongus\amongustextbased\textbasedamogus\debug\textbasedamongus.tlog\cl.read.1.tlog
c:\users\macaw\source\repos\textbasedamongus\amongustextbased\textbasedamogus\debug\textbasedamongus.tlog\cl.write.1.tlog
c:\users\macaw\source\repos\textbasedamongus\amongustextbased\textbasedamogus\debug\textbasedamongus.tlog\link.command.1.tlog
c:\users\macaw\source\repos\textbasedamongus\amongustextbased\textbasedamogus\debug\textbasedamongus.tlog\link.read.1.tlog
c:\users\macaw\source\repos\textbasedamongus\amongustextbased\textbasedamogus\debug\textbasedamongus.tlog\link.write.1.tlog
